<?xml version="1.0" encoding="UTF-8"?>
<!-- Generated by org.testng.reporters.JUnitReportReporter -->
<testsuite hostname="DESKTOP-98O5IH4" failures="0" tests="2" name="testNG_basics.DropDown_TestNG" time="55.748" errors="0" timestamp="2024-12-04T20:21:47 IST" skipped="0">
  <testcase classname="testNG_basics.DropDown_TestNG" name="verifyDragDrop_1" time="28.603"/>
  <testcase classname="testNG_basics.DropDown_TestNG" name="verifyDragDrop_2" time="27.145"/>
</testsuite> <!-- testNG_basics.DropDown_TestNG -->
