<?xml version="1.0" encoding="UTF-8"?>
<!-- Generated by org.testng.reporters.JUnitReportReporter -->
<testsuite hostname="DESKTOP-98O5IH4" failures="0" tests="1" name="testNG_basics.Prameterisation" time="0.021" errors="0" timestamp="2024-12-06T20:38:01 IST" skipped="0">
  <testcase classname="testNG_basics.Prameterisation" name="addTwoNumbers" time="0.021"/>
</testsuite> <!-- testNG_basics.Prameterisation -->
