<?xml version="1.0" encoding="UTF-8"?>
<!-- Generated by org.testng.reporters.JUnitReportReporter -->
<testsuite hostname="DESKTOP-98O5IH4" failures="0" tests="3" name="testNG_basics.DataProviderClass" time="0.025" errors="0" timestamp="2024-12-05T19:21:45 IST" skipped="0">
  <testcase classname="testNG_basics.DataProviderClass" name="f" time="0.017"/>
  <testcase classname="testNG_basics.DataProviderClass" name="f" time="0.006"/>
  <testcase classname="testNG_basics.DataProviderClass" name="f" time="0.002"/>
</testsuite> <!-- testNG_basics.DataProviderClass -->
