<?xml version="1.0" encoding="UTF-8"?>
<!-- Generated by org.testng.reporters.JUnitReportReporter -->
<testsuite hostname="DESKTOP-98O5IH4" failures="0" tests="1" name="testNG_basics.Assignment_1" time="22.866" errors="0" timestamp="2024-12-09T19:55:16 IST" skipped="0">
  <testcase classname="testNG_basics.Assignment_1" name="verifySuccessfulLogin" time="22.866"/>
</testsuite> <!-- testNG_basics.Assignment_1 -->
