<?xml version="1.0" encoding="UTF-8"?>
<!-- Generated by org.testng.reporters.JUnitReportReporter -->
<testsuite hostname="DESKTOP-98O5IH4" failures="0" tests="1" name="testNG_basics.FirstProgramme" time="69.272" errors="0" timestamp="2024-12-04T20:21:47 IST" skipped="0">
  <testcase classname="testNG_basics.FirstProgramme" name="f" time="69.272"/>
</testsuite> <!-- testNG_basics.FirstProgramme -->
