<?xml version="1.0" encoding="UTF-8"?>
<!-- Generated by org.testng.reporters.JUnitReportReporter -->
<testsuite hostname="DESKTOP-98O5IH4" failures="0" tests="2" name="testNG_basics.AlertHandling_TestNG" time="0.587" errors="0" timestamp="2024-12-04T20:21:47 IST" skipped="0">
  <testcase classname="testNG_basics.AlertHandling_TestNG" name="verifyTheAlert_2" time="0.166"/>
  <testcase classname="testNG_basics.AlertHandling_TestNG" name="verifyTheAlert_1" time="0.421"/>
</testsuite> <!-- testNG_basics.AlertHandling_TestNG -->
