<?xml version="1.0" encoding="UTF-8"?>
<!-- Generated by org.testng.reporters.JUnitReportReporter -->
<testsuite hostname="DESKTOP-98O5IH4" failures="0" tests="2" name="testNG_basics.BaseClass" time="92.421" errors="0" timestamp="2024-12-11T13:46:44 IST" skipped="0">
  <testcase classname="testNG_basics.BaseClass" name="f" time="22.149"/>
  <testcase classname="testNG_basics.BaseClass" name="f" time="70.272"/>
</testsuite> <!-- testNG_basics.BaseClass -->
