<?xml version="1.0" encoding="UTF-8"?>
<!-- Generated by org.testng.reporters.JUnitReportReporter -->
<testsuite hostname="DESKTOP-98O5IH4" failures="0" tests="2" name="testNG_basics.Annotations_hierarchy" time="0.008" errors="0" timestamp="2024-12-04T20:21:47 IST" skipped="0">
  <testcase classname="testNG_basics.Annotations_hierarchy" name="f" time="0.003"/>
  <testcase classname="testNG_basics.Annotations_hierarchy" name="f1" time="0.005"/>
</testsuite> <!-- testNG_basics.Annotations_hierarchy -->
